[2026-01-06 08:20:50] [32minfo[39m: Server started on port 3000
[2026-01-06 08:28:48] [32minfo[39m: Server started on port 3000
[2026-01-06 09:56:26] [32minfo[39m: Server started on port 3000
[2026-01-07 08:12:17] [32minfo[39m: Server started on port 3000
[2026-01-07 09:31:12] [32minfo[39m: [POST /users/registration]: 0 record(s) affected. | Lasted 33 ms
[2026-01-07 09:31:12] [32minfo[39m: [POST /users/registration]: 1 record(s) affected. | Lasted 29 ms
[2026-01-07 09:38:28] [32minfo[39m: [POST /users/registration]: 0 record(s) affected. | Lasted 3 ms
[2026-01-07 09:38:28] [32minfo[39m: [POST /users/registration]: 1 record(s) affected. | Lasted 6 ms
[2026-01-07 09:54:02] [32minfo[39m: Server started on port 3000
[2026-01-07 09:54:11] [32minfo[39m: Server started on port 3000
[2026-01-07 09:56:26] [32minfo[39m: Server started on port 3000
[2026-01-07 09:57:31] [32minfo[39m: Server started on port 3000
[2026-01-07 09:59:11] [32minfo[39m: [POST /users/registration]: 0 record(s) affected. | Lasted 10 ms
[2026-01-07 09:59:11] [32minfo[39m: [POST /users/registration]: 1 record(s) affected. | Lasted 11 ms
[2026-01-07 10:00:52] [32minfo[39m: [POST /users/registration]: 0 record(s) affected. | Lasted 2 ms
[2026-01-07 10:00:52] [32minfo[39m: [POST /users/registration]: 1 record(s) affected. | Lasted 4 ms
[2026-01-07 11:01:19] [32minfo[39m: Server started on port 3000
[2026-01-07 11:06:17] [31merror[39m: [DB Error]: ER_NO_SUCH_TABLE: Table 'favicon.ico' doesn't exist
[2026-01-11 16:12:01] [32minfo[39m: Server started on port undefined
[2026-01-11 16:15:40] [32minfo[39m: Server started on port 3000
[2026-01-11 16:18:19] [32minfo[39m: [POST /users/registration]: 0 record(s) affected. | Lasted 8 ms
[2026-01-11 16:18:19] [32minfo[39m: [POST /users/registration]: 1 record(s) affected. | Lasted 12 ms
[2026-01-11 16:30:45] [32minfo[39m: [POST /users/registration]: 0 record(s) affected. | Lasted 1 ms
[2026-01-11 16:30:45] [32minfo[39m: [POST /users/registration]: 1 record(s) affected. | Lasted 3 ms
[2026-01-11 16:33:10] [32minfo[39m: [POST /users/registration]: 0 record(s) affected. | Lasted 1 ms
[2026-01-11 16:33:10] [32minfo[39m: [POST /users/registration]: 1 record(s) affected. | Lasted 2 ms
[2026-01-11 16:36:08] [32minfo[39m: Server started on port 3000
[2026-01-11 16:36:23] [32minfo[39m: Server started on port 3000
[2026-01-11 16:40:15] [32minfo[39m: [POST /users/registration]: 0 record(s) affected. | Lasted 10 ms
[2026-01-11 16:40:15] [32minfo[39m: [POST /users/registration]: 1 record(s) affected. | Lasted 10 ms
[2026-01-11 16:41:22] [32minfo[39m: [POST /users/registration]: 0 record(s) affected. | Lasted 1 ms
[2026-01-11 16:41:22] [32minfo[39m: [POST /users/registration]: 1 record(s) affected. | Lasted 3 ms
[2026-01-11 16:41:51] [32minfo[39m: [POST /users/registration]: 0 record(s) affected. | Lasted 1 ms
[2026-01-11 16:41:51] [32minfo[39m: [POST /users/registration]: 1 record(s) affected. | Lasted 2 ms
[2026-01-11 16:43:07] [32minfo[39m: [POST /users/registration]: 0 record(s) affected. | Lasted 0 ms
[2026-01-11 16:43:07] [32minfo[39m: [POST /users/registration]: 1 record(s) affected. | Lasted 9 ms
[2026-01-11 17:06:34] [32minfo[39m: [POST /users/login]: 1 record(s) affected. | Lasted 1 ms
[2026-01-11 17:08:47] [31merror[39m: [DB Error]: ER_NO_SUCH_TABLE: Table '2025_bookaroo.accommodations' doesn't exist
[2026-01-11 17:08:56] [31merror[39m: [DB Error]: ER_NO_SUCH_TABLE: Table '2025_bookaroo.accommodations' doesn't exist
[2026-01-11 17:08:56] [31merror[39m: [DB Error]: ER_NO_SUCH_TABLE: Table '2025_bookaroo.accommodations' doesn't exist
[2026-01-11 17:11:04] [32minfo[39m: [GET /accommodations]: 1 record(s) sent. | Lasted 1 ms
[2026-01-11 17:12:57] [32minfo[39m: [GET /accommodations]: 1 record(s) sent. | Lasted 1 ms
[2026-01-11 17:13:03] [32minfo[39m: [GET /accommodations]: 1 record(s) sent. | Lasted 0 ms
[2026-01-11 17:13:26] [32minfo[39m: [GET /bookings]: 1 record(s) sent. | Lasted 2 ms
[2026-01-11 17:13:26] [32minfo[39m: [GET /accommodations]: 1 record(s) sent. | Lasted 1 ms
[2026-01-11 17:13:26] [32minfo[39m: [GET /users]: 2 record(s) sent. | Lasted 3 ms
[2026-01-11 17:20:48] [32minfo[39m: [GET /accommodations]: 1 record(s) sent. | Lasted 1 ms
[2026-01-11 17:20:48] [32minfo[39m: [GET /bookings]: 1 record(s) sent. | Lasted 1 ms
[2026-01-11 17:20:48] [32minfo[39m: [GET /users]: 2 record(s) sent. | Lasted 2 ms
[2026-01-11 17:21:30] [32minfo[39m: [GET /accommodations]: 1 record(s) sent. | Lasted 1 ms
[2026-01-11 17:21:30] [32minfo[39m: [GET /bookings]: 1 record(s) sent. | Lasted 1 ms
[2026-01-11 17:21:30] [32minfo[39m: [GET /users]: 2 record(s) sent. | Lasted 1 ms
[2026-01-11 17:21:48] [32minfo[39m: [GET /accommodations]: 1 record(s) sent. | Lasted 1 ms
[2026-01-11 17:21:48] [32minfo[39m: [GET /bookings]: 1 record(s) sent. | Lasted 2 ms
[2026-01-11 17:21:48] [32minfo[39m: [GET /users]: 2 record(s) sent. | Lasted 2 ms
[2026-01-11 17:24:46] [32minfo[39m: [POST /users/login]: 1 record(s) affected. | Lasted 0 ms
[2026-01-11 17:25:38] [32minfo[39m: [POST /users/login]: 1 record(s) affected. | Lasted 1 ms
[2026-01-11 17:27:22] [32minfo[39m: [POST /users/login]: 1 record(s) affected. | Lasted 1 ms
[2026-01-11 17:27:25] [32minfo[39m: [GET /accommodations]: 1 record(s) sent. | Lasted 0 ms
